<?xml version="1.0" encoding="UTF-8"?>
<!-- Generated by org.testng.reporters.JUnitReportReporter -->
<testsuite hostname="ShobhitTalwar" name="common.DriverScript" tests="3" failures="0" timestamp="30 Sep 2015 08:01:06 GMT" time="77.588" errors="0">
  <testcase name="CallingTestCases" time="0.000" classname="common.DriverScript"/>
  <testcase name="CallingTestCases" time="77.587" classname="common.DriverScript"/>
  <testcase name="CallingTestCases" time="0.001" classname="common.DriverScript"/>
</testsuite> <!-- common.DriverScript -->
